<?xml version="1.0" encoding="UTF-8"?>
<!-- Generated by org.testng.reporters.JUnitXMLReporter -->
<testsuite hostname="DESKTOP-1RF5DFL" ignored="0" name="Surefire test" tests="7" failures="0" timestamp="14 Aug 2020 17:29:54 GMT" time="0.063" errors="0">
  <testcase name="AppiumTest" time="0.017" classname="GTProjects.GITcommands.MobileTest"/>
  <testcase name="AppiumTest2" time="0.0" classname="GTProjects.GITcommands.MobileTest"/>
  <testcase name="RestApiTest" time="0.001" classname="GTProjects.GITcommands.RestAPITest"/>
  <testcase name="RestApiTest2" time="0.001" classname="GTProjects.GITcommands.RestAPITest"/>
  <testcase name="ApplicationLaunch" time="0.003" classname="GTProjects.GITcommands.SeleniumTest"/>
  <testcase name="ApplicationLaunch2" time="0.0" classname="GTProjects.GITcommands.SeleniumTest"/>
  <testcase name="browserTest" time="0.001" classname="GTProjects.GITcommands.SeleniumTest"/>
</testsuite> <!-- Surefire test -->
