<?xml version="1.0" encoding="UTF-8"?>
<!-- Generated by org.testng.reporters.JUnitXMLReporter -->
<testsuite hostname="DESKTOP-1RF5DFL" ignored="0" name="Surefire test" tests="3" failures="0" timestamp="14 Aug 2020 21:29:21 GMT" time="0.031" errors="0">
  <testcase name="ApplicationLaunch" time="0.008" classname="GTProjects.GITcommands.SeleniumTest"/>
  <testcase name="ApplicationLaunch2" time="0.0" classname="GTProjects.GITcommands.SeleniumTest"/>
  <testcase name="browserTest" time="0.0" classname="GTProjects.GITcommands.SeleniumTest"/>
</testsuite> <!-- Surefire test -->
