<?xml version="1.0" encoding="UTF-8"?>
<!-- Generated by org.testng.reporters.JUnitXMLReporter -->
<testsuite hostname="DESKTOP-1RF5DFL" ignored="0" name="Test" tests="6" failures="0" timestamp="13 Aug 2020 22:14:37 GMT" time="0.162" errors="0">
  <testcase name="AppiumTest" time="0.034" classname="GTProjects.GITcommands.MobileTest"/>
  <testcase name="AppiumTest2" time="0.0" classname="GTProjects.GITcommands.MobileTest"/>
  <testcase name="ApplicationLaunch" time="0.006" classname="GTProjects.GITcommands.SeleniumTest"/>
  <testcase name="browserTest" time="0.001" classname="GTProjects.GITcommands.SeleniumTest"/>
  <testcase name="RestApiTest" time="0.001" classname="GTProjects.GITcommands.RestAPITest"/>
  <testcase name="RestApiTest2" time="0.0" classname="GTProjects.GITcommands.RestAPITest"/>
</testsuite> <!-- Test -->
