<?xml version="1.0" encoding="UTF-8"?>
<testng-results skipped="0" failed="0" ignored="0" total="6" passed="6">
  <reporter-output>
  </reporter-output>
  <suite name="Suite" duration-ms="162" started-at="2020-08-13T22:14:37Z" finished-at="2020-08-13T22:14:37Z">
    <groups>
    </groups>
    <test name="Test" duration-ms="162" started-at="2020-08-13T22:14:37Z" finished-at="2020-08-13T22:14:37Z">
      <class name="GTProjects.GITcommands.SeleniumTest">
        <test-method status="PASS" signature="ApplicationLaunch()[pri:0, instance:GTProjects.GITcommands.SeleniumTest@3d36e4cd]" name="ApplicationLaunch" duration-ms="6" started-at="2020-08-13T22:14:37Z" finished-at="2020-08-13T22:14:37Z">
          <reporter-output>
          </reporter-output>
        </test-method> <!-- ApplicationLaunch -->
        <test-method status="PASS" signature="browserTest()[pri:0, instance:GTProjects.GITcommands.SeleniumTest@3d36e4cd]" name="browserTest" duration-ms="1" started-at="2020-08-13T22:14:37Z" finished-at="2020-08-13T22:14:37Z">
          <reporter-output>
          </reporter-output>
        </test-method> <!-- browserTest -->
      </class> <!-- GTProjects.GITcommands.SeleniumTest -->
      <class name="GTProjects.GITcommands.RestAPITest">
        <test-method status="PASS" signature="RestApiTest()[pri:0, instance:GTProjects.GITcommands.RestAPITest@6a472554]" name="RestApiTest" duration-ms="1" started-at="2020-08-13T22:14:37Z" finished-at="2020-08-13T22:14:37Z">
          <reporter-output>
          </reporter-output>
        </test-method> <!-- RestApiTest -->
        <test-method status="PASS" signature="RestApiTest2()[pri:0, instance:GTProjects.GITcommands.RestAPITest@6a472554]" name="RestApiTest2" duration-ms="0" started-at="2020-08-13T22:14:37Z" finished-at="2020-08-13T22:14:37Z">
          <reporter-output>
          </reporter-output>
        </test-method> <!-- RestApiTest2 -->
      </class> <!-- GTProjects.GITcommands.RestAPITest -->
      <class name="GTProjects.GITcommands.MobileTest">
        <test-method status="PASS" signature="AppiumTest()[pri:0, instance:GTProjects.GITcommands.MobileTest@709ba3fb]" name="AppiumTest" duration-ms="34" started-at="2020-08-13T22:14:37Z" finished-at="2020-08-13T22:14:37Z">
          <reporter-output>
          </reporter-output>
        </test-method> <!-- AppiumTest -->
        <test-method status="PASS" signature="AppiumTest2()[pri:0, instance:GTProjects.GITcommands.MobileTest@709ba3fb]" name="AppiumTest2" duration-ms="0" started-at="2020-08-13T22:14:37Z" finished-at="2020-08-13T22:14:37Z">
          <reporter-output>
          </reporter-output>
        </test-method> <!-- AppiumTest2 -->
      </class> <!-- GTProjects.GITcommands.MobileTest -->
    </test> <!-- Test -->
  </suite> <!-- Suite -->
</testng-results>
